# JRE version: Java(TM) SE Runtime Environment (18.0.1+10) (build 18.0.1+10-24)
# Java VM: Java HotSpot(TM) 64-Bit Server VM (18.0.1+10-24, mixed mode, sharing, tiered, compressed oops, compressed class ptrs, g1 gc, windows-amd64)
GC Precious Log:
 CardTable entry size: 512
 Card Set container configuration: InlinePtr #cards 5 size 8 Array Of Cards #cards 12 size 40 Howl #buckets 4 coarsen threshold 1843 Howl Bitmap #cards 512 size 80 coarsen threshold 460 Card regions per heap region 1 cards per card region 2048
 CPUs: 4 total, 4 available
 Memory: 3992M
 Large Page Support: Disabled
 NUMA Support: Disabled
 Compressed Oops: Enabled (32-bit)
 Heap Region Size: 1M
 Heap Min Capacity: 8M
 Heap Initial Capacity: 64M
 Heap Max Capacity: 1000M
 Pre-touch: Disabled
 Parallel Workers: 4
 Concurrent Workers: 1
 Concurrent Refinement Workers: 4
 Periodic GC: Disabled
Heap:
 garbage-first heap   total 58368K, used 43427K [0x00000000c1800000, 0x0000000100000000)
  region size 1024K, 22 young (22528K), 1 survivors (1024K)
 Metaspace       used 44406K, committed 44992K, reserved 1114112K
  class space    used 5799K, committed 6080K, reserved 1048576K
GC Heap History (20 events):
Event: 2.036 GC heap before
{Heap before GC invocations=2 (full 0):
 garbage-first heap   total 65536K, used 26560K [0x00000000c1800000, 0x0000000100000000)
  region size 1024K, 23 young (23552K), 2 survivors (2048K)
 Metaspace       used 11784K, committed 12096K, reserved 1114112K
  class space    used 1580K, committed 1728K, reserved 1048576K
}
Event: 2.042 GC heap after
{Heap after GC invocations=3 (full 0):
 garbage-first heap   total 65536K, used 7555K [0x00000000c1800000, 0x0000000100000000)
  region size 1024K, 3 young (3072K), 3 survivors (3072K)
 Metaspace       used 11784K, committed 12096K, reserved 1114112K
  class space    used 1580K, committed 1728K, reserved 1048576K
}
Event: 2.893 GC heap before
{Heap before GC invocations=3 (full 0):
 garbage-first heap   total 65536K, used 37251K [0x00000000c1800000, 0x0000000100000000)
  region size 1024K, 33 young (33792K), 3 survivors (3072K)
 Metaspace       used 18353K, committed 18688K, reserved 1114112K
  class space    used 2315K, committed 2432K, reserved 1048576K
}
Event: 2.903 GC heap after
{Heap after GC invocations=4 (full 0):
 garbage-first heap   total 65536K, used 10356K [0x00000000c1800000, 0x0000000100000000)
  region size 1024K, 5 young (5120K), 5 survivors (5120K)
 Metaspace       used 18353K, committed 18688K, reserved 1114112K
  class space    used 2315K, committed 2432K, reserved 1048576K
}
Event: 3.630 GC heap before
{Heap before GC invocations=4 (full 0):
 garbage-first heap   total 65536K, used 27764K [0x00000000c1800000, 0x0000000100000000)
  region size 1024K, 23 young (23552K), 5 survivors (5120K)
 Metaspace       used 21214K, committed 21504K, reserved 1114112K
  class space    used 2685K, committed 2816K, reserved 1048576K
}
Event: 3.644 GC heap after
{Heap after GC invocations=5 (full 0):
 garbage-first heap   total 65536K, used 12302K [0x00000000c1800000, 0x0000000100000000)
  region size 1024K, 3 young (3072K), 3 survivors (3072K)
 Metaspace       used 21214K, committed 21504K, reserved 1114112K
  class space    used 2685K, committed 2816K, reserved 1048576K
}
Event: 4.813 GC heap before
{Heap before GC invocations=6 (full 0):
 garbage-first heap   total 48128K, used 37902K [0x00000000c1800000, 0x0000000100000000)
  region size 1024K, 28 young (28672K), 3 survivors (3072K)
 Metaspace       used 26186K, committed 26688K, reserved 1114112K
  class space    used 3345K, committed 3584K, reserved 1048576K
}
Event: 4.829 GC heap after
{Heap after GC invocations=7 (full 0):
 garbage-first heap   total 48128K, used 14463K [0x00000000c1800000, 0x0000000100000000)
  region size 1024K, 3 young (3072K), 3 survivors (3072K)
 Metaspace       used 26186K, committed 26688K, reserved 1114112K
  class space    used 3345K, committed 3584K, reserved 1048576K
}
Event: 4.872 GC heap before
{Heap before GC invocations=7 (full 0):
 garbage-first heap   total 48128K, used 15487K [0x00000000c1800000, 0x0000000100000000)
  region size 1024K, 4 young (4096K), 3 survivors (3072K)
 Metaspace       used 26345K, committed 26816K, reserved 1114112K
  class space    used 3368K, committed 3584K, reserved 1048576K
}
Event: 4.882 GC heap after
{Heap after GC invocations=8 (full 0):
 garbage-first heap   total 58368K, used 14722K [0x00000000c1800000, 0x0000000100000000)
  region size 1024K, 1 young (1024K), 1 survivors (1024K)
 Metaspace       used 26345K, committed 26816K, reserved 1114112K
  class space    used 3368K, committed 3584K, reserved 1048576K
}
Event: 6.205 GC heap before
{Heap before GC invocations=8 (full 0):
 garbage-first heap   total 58368K, used 40322K [0x00000000c1800000, 0x0000000100000000)
  region size 1024K, 27 young (27648K), 1 survivors (1024K)
 Metaspace       used 32864K, committed 33408K, reserved 1114112K
  class space    used 4211K, committed 4480K, reserved 1048576K
}
Event: 6.216 GC heap after
{Heap after GC invocations=9 (full 0):
 garbage-first heap   total 58368K, used 16930K [0x00000000c1800000, 0x0000000100000000)
  region size 1024K, 3 young (3072K), 3 survivors (3072K)
 Metaspace       used 32864K, committed 33408K, reserved 1114112K
  class space    used 4211K, committed 4480K, reserved 1048576K
}
Event: 6.775 GC heap before
{Heap before GC invocations=9 (full 0):
 garbage-first heap   total 58368K, used 27170K [0x00000000c1800000, 0x0000000100000000)
  region size 1024K, 14 young (14336K), 3 survivors (3072K)
 Metaspace       used 35513K, committed 35968K, reserved 1114112K
  class space    used 4645K, committed 4864K, reserved 1048576K
}
Event: 6.783 GC heap after
{Heap after GC invocations=10 (full 0):
 garbage-first heap   total 58368K, used 18145K [0x00000000c1800000, 0x0000000100000000)
  region size 1024K, 2 young (2048K), 2 survivors (2048K)
 Metaspace       used 35513K, committed 35968K, reserved 1114112K
  class space    used 4645K, committed 4864K, reserved 1048576K
}
Event: 7.783 GC heap before
{Heap before GC invocations=11 (full 0):
 garbage-first heap   total 58368K, used 42721K [0x00000000c1800000, 0x0000000100000000)
  region size 1024K, 26 young (26624K), 2 survivors (2048K)
 Metaspace       used 39762K, committed 40320K, reserved 1114112K
  class space    used 5255K, committed 5504K, reserved 1048576K
}
Event: 7.790 GC heap after
{Heap after GC invocations=12 (full 0):
 garbage-first heap   total 58368K, used 20867K [0x00000000c1800000, 0x0000000100000000)
  region size 1024K, 4 young (4096K), 4 survivors (4096K)
 Metaspace       used 39762K, committed 40320K, reserved 1114112K
  class space    used 5255K, committed 5504K, reserved 1048576K
}
Event: 44434.065 GC heap before
{Heap before GC invocations=12 (full 0):
 garbage-first heap   total 58368K, used 43395K [0x00000000c1800000, 0x0000000100000000)
  region size 1024K, 26 young (26624K), 4 survivors (4096K)
 Metaspace       used 43820K, committed 44416K, reserved 1114112K
  class space    used 5782K, committed 6080K, reserved 1048576K
}
Event: 44434.213 GC heap after
{Heap after GC invocations=13 (full 0):
 garbage-first heap   total 58368K, used 22712K [0x00000000c1800000, 0x0000000100000000)
  region size 1024K, 3 young (3072K), 3 survivors (3072K)
 Metaspace       used 43820K, committed 44416K, reserved 1114112K
  class space    used 5782K, committed 6080K, reserved 1048576K
}
Event: 53305.073 GC heap before
{Heap before GC invocations=13 (full 0):
 garbage-first heap   total 58368K, used 43192K [0x00000000c1800000, 0x0000000100000000)
  region size 1024K, 23 young (23552K), 3 survivors (3072K)
 Metaspace       used 44154K, committed 44800K, reserved 1114112K
  class space    used 5782K, committed 6080K, reserved 1048576K
}
Event: 53305.182 GC heap after
{Heap after GC invocations=14 (full 0):
 garbage-first heap   total 58368K, used 22947K [0x00000000c1800000, 0x0000000100000000)
  region size 1024K, 1 young (1024K), 1 survivors (1024K)
 Metaspace       used 44154K, committed 44800K, reserved 1114112K
  class space    used 5782K, committed 6080K, reserved 1048576K
}

